<?xml version="1.0" encoding="UTF-8"?>
<!-- Generated by org.testng.reporters.JUnitReportReporter -->
<testsuite hostname="DESKTOP-1HDH91R" failures="0" tests="3" name="com.sgtesting.hardassertscenarios.AssertCustomerScenario" time="16.447" errors="0" timestamp="2022-07-25T18:02:05 IST" skipped="0">
  <testcase classname="com.sgtesting.hardassertscenarios.AssertCustomerScenario" name="launchBrowser" time="4.910"/>
  <system-out/>
  <testcase classname="com.sgtesting.hardassertscenarios.AssertCustomerScenario" name="navigate" time="7.013"/>
  <system-out/>
  <testcase classname="com.sgtesting.hardassertscenarios.AssertCustomerScenario" name="login" time="4.524"/>
  <system-out/>
</testsuite> <!-- com.sgtesting.hardassertscenarios.AssertCustomerScenario -->
