<?xml version="1.0" encoding="UTF-8"?>
<!-- Generated by org.testng.reporters.JUnitReportReporter -->
<testsuite hostname="DESKTOP-1HDH91R" failures="0" tests="8" name="com.sgtesting.softassertions.CustomerScenarios" time="60.002" errors="0" timestamp="2022-08-05T11:37:26 IST" skipped="0">
  <testcase classname="com.sgtesting.softassertions.CustomerScenarios" name="LaunchBrowser" time="10.397"/>
  <system-out/>
  <testcase classname="com.sgtesting.softassertions.CustomerScenarios" name="navigate" time="8.761"/>
  <system-out/>
  <testcase classname="com.sgtesting.softassertions.CustomerScenarios" name="login" time="20.877"/>
  <system-out/>
  <testcase classname="com.sgtesting.softassertions.CustomerScenarios" name="minimizeFlyOutWindow" time="5.277"/>
  <system-out/>
  <testcase classname="com.sgtesting.softassertions.CustomerScenarios" name="createUser" time="11.695"/>
  <system-out/>
  <testcase classname="com.sgtesting.softassertions.CustomerScenarios" name="delete" time="1.270"/>
  <system-out/>
  <testcase classname="com.sgtesting.softassertions.CustomerScenarios" name="logout" time="1.302"/>
  <system-out/>
  <testcase classname="com.sgtesting.softassertions.CustomerScenarios" name="closeApplication" time="0.423"/>
  <system-out/>
</testsuite> <!-- com.sgtesting.softassertions.CustomerScenarios -->
