<?xml version="1.0" encoding="UTF-8"?>
<!-- Generated by org.testng.reporters.JUnitReportReporter -->
<testsuite hostname="DESKTOP-1HDH91R" failures="0" tests="9" name="com.sgtesting.hardassertscenarios.Assignment6" time="36.585" errors="0" timestamp="2022-07-26T23:27:17 IST" skipped="0">
  <testcase classname="com.sgtesting.hardassertscenarios.Assignment6" name="LaunchBrowser" time="5.006"/>
  <system-out/>
  <testcase classname="com.sgtesting.hardassertscenarios.Assignment6" name="navigate" time="6.175"/>
  <system-out/>
  <testcase classname="com.sgtesting.hardassertscenarios.Assignment6" name="login" time="7.608"/>
  <system-out/>
  <testcase classname="com.sgtesting.hardassertscenarios.Assignment6" name="minimizeFlyOutWindow" time="5.427"/>
  <system-out/>
  <testcase classname="com.sgtesting.hardassertscenarios.Assignment6" name="createCustomer" time="10.526"/>
  <system-out/>
  <testcase classname="com.sgtesting.hardassertscenarios.Assignment6" name="createProject" time="1.165"/>
  <system-out/>
  <testcase classname="com.sgtesting.hardassertscenarios.Assignment6" name="modifyProject" time="0.059"/>
  <system-out/>
  <testcase classname="com.sgtesting.hardassertscenarios.Assignment6" name="deleteProject" time="0.033"/>
  <system-out/>
  <testcase classname="com.sgtesting.hardassertscenarios.Assignment6" name="closeApplication" time="0.586"/>
  <system-out/>
</testsuite> <!-- com.sgtesting.hardassertscenarios.Assignment6 -->
