<?xml version="1.0" encoding="UTF-8"?>
<!-- Generated by org.testng.reporters.JUnitReportReporter -->
<testsuite hostname="DESKTOP-1HDH91R" failures="0" tests="8" name="com.sgtesting.hardassertscenarios.Assignment5" time="43.545" errors="0" timestamp="2022-07-26T23:51:55 IST" skipped="0">
  <testcase classname="com.sgtesting.hardassertscenarios.Assignment5" name="LaunchBrowser" time="4.566"/>
  <system-out/>
  <testcase classname="com.sgtesting.hardassertscenarios.Assignment5" name="navigate" time="5.931"/>
  <system-out/>
  <testcase classname="com.sgtesting.hardassertscenarios.Assignment5" name="login" time="7.551"/>
  <system-out/>
  <testcase classname="com.sgtesting.hardassertscenarios.Assignment5" name="minimizeFlyOutWindow" time="5.627"/>
  <system-out/>
  <testcase classname="com.sgtesting.hardassertscenarios.Assignment5" name="createCustomer" time="9.975"/>
  <system-out/>
  <testcase classname="com.sgtesting.hardassertscenarios.Assignment5" name="createProject" time="4.011"/>
  <system-out/>
  <testcase classname="com.sgtesting.hardassertscenarios.Assignment5" name="deleteProject" time="5.617"/>
  <system-out/>
  <testcase classname="com.sgtesting.hardassertscenarios.Assignment5" name="closeApplication" time="0.267"/>
  <system-out/>
</testsuite> <!-- com.sgtesting.hardassertscenarios.Assignment5 -->
