<?xml version="1.0" encoding="UTF-8"?>
<!-- Generated by org.testng.reporters.JUnitReportReporter -->
<testsuite hostname="DESKTOP-1HDH91R" failures="0" tests="9" name="com.sgtesting.hardassertscenarios.Assignment4" time="47.202" errors="0" timestamp="2022-07-26T22:17:32 IST" skipped="0">
  <testcase classname="com.sgtesting.hardassertscenarios.Assignment4" name="LaunchBrowser" time="4.741"/>
  <system-out/>
  <testcase classname="com.sgtesting.hardassertscenarios.Assignment4" name="navigate" time="6.045"/>
  <system-out/>
  <testcase classname="com.sgtesting.hardassertscenarios.Assignment4" name="login" time="7.560"/>
  <system-out/>
  <testcase classname="com.sgtesting.hardassertscenarios.Assignment4" name="minimizeFlyOutWindow" time="5.198"/>
  <system-out/>
  <testcase classname="com.sgtesting.hardassertscenarios.Assignment4" name="createCustomer" time="10.045"/>
  <system-out/>
  <testcase classname="com.sgtesting.hardassertscenarios.Assignment4" name="modifyCustomer" time="4.614"/>
  <system-out/>
  <testcase classname="com.sgtesting.hardassertscenarios.Assignment4" name="deleteCustomer" time="6.576"/>
  <system-out/>
  <testcase classname="com.sgtesting.hardassertscenarios.Assignment4" name="logout" time="2.163"/>
  <system-out/>
  <testcase classname="com.sgtesting.hardassertscenarios.Assignment4" name="closeApplication" time="0.260"/>
  <system-out/>
</testsuite> <!-- com.sgtesting.hardassertscenarios.Assignment4 -->
