<?xml version="1.0" encoding="UTF-8"?>
<!-- Generated by org.testng.reporters.JUnitReportReporter -->
<testsuite hostname="DESKTOP-1HDH91R" failures="0" tests="8" name="com.sgtesting.hardassertscenarios.Assignment2" time="50.988" errors="0" timestamp="2022-07-26T21:17:54 IST" skipped="0">
  <testcase classname="com.sgtesting.hardassertscenarios.Assignment2" name="LaunchBrowser" time="5.043"/>
  <system-out/>
  <testcase classname="com.sgtesting.hardassertscenarios.Assignment2" name="navigate" time="6.259"/>
  <system-out/>
  <testcase classname="com.sgtesting.hardassertscenarios.Assignment2" name="login" time="7.619"/>
  <system-out/>
  <testcase classname="com.sgtesting.hardassertscenarios.Assignment2" name="minimizeFlyOutWindow" time="5.432"/>
  <system-out/>
  <testcase classname="com.sgtesting.hardassertscenarios.Assignment2" name="createUser" time="14.032"/>
  <system-out/>
  <testcase classname="com.sgtesting.hardassertscenarios.Assignment2" name="delete" time="9.481"/>
  <system-out/>
  <testcase classname="com.sgtesting.hardassertscenarios.Assignment2" name="logout" time="2.723"/>
  <system-out/>
  <testcase classname="com.sgtesting.hardassertscenarios.Assignment2" name="closeApplication" time="0.399"/>
  <system-out/>
</testsuite> <!-- com.sgtesting.hardassertscenarios.Assignment2 -->
