<?xml version="1.0" encoding="UTF-8"?>
<!-- Generated by org.testng.reporters.JUnitReportReporter -->
<testsuite hostname="DESKTOP-1HDH91R" failures="0" tests="5" name="com.sgtesting.hardassertscenarios.Assignment3" time="33.533" errors="0" timestamp="2022-07-26T22:14:05 IST" skipped="0">
  <testcase classname="com.sgtesting.hardassertscenarios.Assignment3" name="LaunchBrowser" time="4.637"/>
  <system-out/>
  <testcase classname="com.sgtesting.hardassertscenarios.Assignment3" name="navigate" time="6.125"/>
  <system-out/>
  <testcase classname="com.sgtesting.hardassertscenarios.Assignment3" name="login" time="7.669"/>
  <system-out/>
  <testcase classname="com.sgtesting.hardassertscenarios.Assignment3" name="minimizeFlyOutWindow" time="5.415"/>
  <system-out/>
  <testcase classname="com.sgtesting.hardassertscenarios.Assignment3" name="createCustomer" time="9.687"/>
  <system-out/>
</testsuite> <!-- com.sgtesting.hardassertscenarios.Assignment3 -->
